[23-Mar-2017 17:26:30 UTC] PHP Fatal error:  Uncaught Error: [] operator not supported for strings in /Users/cuervo/Documents/sitios/od4d/wp-content/plugins/revslider/includes/framework/base-admin.class.php:71
Stack trace:
#0 /Users/cuervo/Documents/sitios/od4d/wp-content/plugins/revslider/admin/revslider-admin.class.php(465): RevSliderBaseAdmin::addMetaBox('Revolution Slid...', '', Array, NULL)
#1 /Users/cuervo/Documents/sitios/od4d/wp-content/plugins/revslider/admin/revslider-admin.class.php(72): RevSliderAdmin->addSliderMetaBox()
#2 /Users/cuervo/Documents/sitios/od4d/wp-content/plugins/revslider/admin/revslider-admin.class.php(44): RevSliderAdmin->init()
#3 /Users/cuervo/Documents/sitios/od4d/wp-content/plugins/revslider/revslider.php(165): RevSliderAdmin->__construct('/Users/cuervo/D...')
#4 /Users/cuervo/Documents/sitios/od4d/wp-settings.php(304): include_once('/Users/cuervo/D...')
#5 /Users/cuervo/Documents/sitios/od4d/wp-config.php(92): require_once('/Users/cuervo/D...')
#6 /Users/cuervo/Documents/sitios/od4d/wp-load.php(37): require_once('/User in /Users/cuervo/Documents/sitios/od4d/wp-content/plugins/revslider/includes/framework/base-admin.class.php on line 71
[23-Mar-2017 17:26:46 UTC] PHP Fatal error:  Uncaught Error: [] operator not supported for strings in /Users/cuervo/Documents/sitios/od4d/wp-content/plugins/revslider/includes/framework/base-admin.class.php:71
Stack trace:
#0 /Users/cuervo/Documents/sitios/od4d/wp-content/plugins/revslider/admin/revslider-admin.class.php(465): RevSliderBaseAdmin::addMetaBox('Revolution Slid...', '', Array, NULL)
#1 /Users/cuervo/Documents/sitios/od4d/wp-content/plugins/revslider/admin/revslider-admin.class.php(72): RevSliderAdmin->addSliderMetaBox()
#2 /Users/cuervo/Documents/sitios/od4d/wp-content/plugins/revslider/admin/revslider-admin.class.php(44): RevSliderAdmin->init()
#3 /Users/cuervo/Documents/sitios/od4d/wp-content/plugins/revslider/revslider.php(165): RevSliderAdmin->__construct('/Users/cuervo/D...')
#4 /Users/cuervo/Documents/sitios/od4d/wp-settings.php(304): include_once('/Users/cuervo/D...')
#5 /Users/cuervo/Documents/sitios/od4d/wp-config.php(92): require_once('/Users/cuervo/D...')
#6 /Users/cuervo/Documents/sitios/od4d/wp-load.php(37): require_once('/User in /Users/cuervo/Documents/sitios/od4d/wp-content/plugins/revslider/includes/framework/base-admin.class.php on line 71
[23-Mar-2017 18:01:18 UTC] PHP Fatal error:  Uncaught Error: [] operator not supported for strings in /Users/cuervo/Documents/sitios/od4d/wp-content/plugins/revslider/includes/framework/base-admin.class.php:71
Stack trace:
#0 /Users/cuervo/Documents/sitios/od4d/wp-content/plugins/revslider/admin/revslider-admin.class.php(465): RevSliderBaseAdmin::addMetaBox('Revolution Slid...', '', Array, NULL)
#1 /Users/cuervo/Documents/sitios/od4d/wp-content/plugins/revslider/admin/revslider-admin.class.php(72): RevSliderAdmin->addSliderMetaBox()
#2 /Users/cuervo/Documents/sitios/od4d/wp-content/plugins/revslider/admin/revslider-admin.class.php(44): RevSliderAdmin->init()
#3 /Users/cuervo/Documents/sitios/od4d/wp-content/plugins/revslider/revslider.php(165): RevSliderAdmin->__construct('/Users/cuervo/D...')
#4 /Users/cuervo/Documents/sitios/od4d/wp-settings.php(304): include_once('/Users/cuervo/D...')
#5 /Users/cuervo/Documents/sitios/od4d/wp-config.php(92): require_once('/Users/cuervo/D...')
#6 /Users/cuervo/Documents/sitios/od4d/wp-load.php(37): require_once('/User in /Users/cuervo/Documents/sitios/od4d/wp-content/plugins/revslider/includes/framework/base-admin.class.php on line 71
